<?xml version="1.0" encoding="UTF-8"?>
<!-- Generated by org.testng.reporters.JUnitReportReporter -->
<testsuite hostname="DESKTOP-HGIM18J" failures="0" tests="4" name="tundra.testCases.TestCases" time="0.017" errors="0" timestamp="2021-09-30T22:54:26 EDT" skipped="0">
  <testcase classname="tundra.testCases.TestCases" name="TC2_wordSmallLetters" time="0.002"/>
  <system-out/>
  <testcase classname="tundra.testCases.TestCases" name="TC1_wordMixedLetters" time="0.003"/>
  <system-out/>
  <testcase classname="tundra.testCases.TestCases" name="TC1_avoidDuplicateWords" time="0.010"/>
  <system-out/>
  <testcase classname="tundra.testCases.TestCases" name="TC1_wordCapLetters" time="0.002"/>
  <system-out/>
</testsuite> <!-- tundra.testCases.TestCases -->
